Determining if the pthread_create exist failed with the following output:
Change Dir: /home/yoga/my_work/catkin_yoga/build/CMakeFiles/CMakeTmp

Run Build Command:"/usr/bin/make" "cmTC_714b9/fast"
/usr/bin/make -f CMakeFiles/cmTC_714b9.dir/build.make CMakeFiles/cmTC_714b9.dir/build
make[1]: 进入目录“/home/yoga/my_work/catkin_yoga/build/CMakeFiles/CMakeTmp”
Building C object CMakeFiles/cmTC_714b9.dir/CheckSymbolExists.c.o
/usr/bin/cc    -o CMakeFiles/cmTC_714b9.dir/CheckSymbolExists.c.o   -c /home/yoga/my_work/catkin_yoga/build/CMakeFiles/CMakeTmp/CheckSymbolExists.c
Linking C executable cmTC_714b9
/usr/bin/cmake -E cmake_link_script CMakeFiles/cmTC_714b9.dir/link.txt --verbose=1
/usr/bin/cc      -rdynamic CMakeFiles/cmTC_714b9.dir/CheckSymbolExists.c.o  -o cmTC_714b9 
CMakeFiles/cmTC_714b9.dir/CheckSymbolExists.c.o：在函数‘main’中：
CheckSymbolExists.c:(.text+0x1b)：对‘pthread_create’未定义的引用
collect2: error: ld returned 1 exit status
CMakeFiles/cmTC_714b9.dir/build.make:97: recipe for target 'cmTC_714b9' failed
make[1]: *** [cmTC_714b9] Error 1
make[1]: 离开目录“/home/yoga/my_work/catkin_yoga/build/CMakeFiles/CMakeTmp”
Makefile:126: recipe for target 'cmTC_714b9/fast' failed
make: *** [cmTC_714b9/fast] Error 2

File /home/yoga/my_work/catkin_yoga/build/CMakeFiles/CMakeTmp/CheckSymbolExists.c:
/* */
#include <pthread.h>

int main(int argc, char** argv)
{
  (void)argv;
#ifndef pthread_create
  return ((int*)(&pthread_create))[argc];
#else
  (void)argc;
  return 0;
#endif
}

Determining if the function pthread_create exists in the pthreads failed with the following output:
Change Dir: /home/yoga/my_work/catkin_yoga/build/CMakeFiles/CMakeTmp

Run Build Command:"/usr/bin/make" "cmTC_724d2/fast"
/usr/bin/make -f CMakeFiles/cmTC_724d2.dir/build.make CMakeFiles/cmTC_724d2.dir/build
make[1]: 进入目录“/home/yoga/my_work/catkin_yoga/build/CMakeFiles/CMakeTmp”
Building C object CMakeFiles/cmTC_724d2.dir/CheckFunctionExists.c.o
/usr/bin/cc   -DCHECK_FUNCTION_EXISTS=pthread_create   -o CMakeFiles/cmTC_724d2.dir/CheckFunctionExists.c.o   -c /usr/share/cmake-3.10/Modules/CheckFunctionExists.c
Linking C executable cmTC_724d2
/usr/bin/cmake -E cmake_link_script CMakeFiles/cmTC_724d2.dir/link.txt --verbose=1
/usr/bin/cc  -DCHECK_FUNCTION_EXISTS=pthread_create    -rdynamic CMakeFiles/cmTC_724d2.dir/CheckFunctionExists.c.o  -o cmTC_724d2 -lpthreads 
/usr/bin/ld: 找不到 -lpthreads
collect2: error: ld returned 1 exit status
CMakeFiles/cmTC_724d2.dir/build.make:97: recipe for target 'cmTC_724d2' failed
make[1]: *** [cmTC_724d2] Error 1
make[1]: 离开目录“/home/yoga/my_work/catkin_yoga/build/CMakeFiles/CMakeTmp”
Makefile:126: recipe for target 'cmTC_724d2/fast' failed
make: *** [cmTC_724d2/fast] Error 2


Determining if the Q_WS_WIN exist failed with the following output:
Change Dir: /home/yoga/my_work/catkin_yoga/build/CMakeFiles/CMakeTmp

Run Build Command:"/usr/bin/make" "cmTC_27d74/fast"
/usr/bin/make -f CMakeFiles/cmTC_27d74.dir/build.make CMakeFiles/cmTC_27d74.dir/build
make[1]: 进入目录“/home/yoga/my_work/catkin_yoga/build/CMakeFiles/CMakeTmp”
Building CXX object CMakeFiles/cmTC_27d74.dir/CheckSymbolExists.cxx.o
/usr/bin/c++   -I/usr/include/qt4   -o CMakeFiles/cmTC_27d74.dir/CheckSymbolExists.cxx.o -c /home/yoga/my_work/catkin_yoga/build/CMakeFiles/CMakeTmp/CheckSymbolExists.cxx
/home/yoga/my_work/catkin_yoga/build/CMakeFiles/CMakeTmp/CheckSymbolExists.cxx: In function ‘int main(int, char**)’:
/home/yoga/my_work/catkin_yoga/build/CMakeFiles/CMakeTmp/CheckSymbolExists.cxx:8:19: error: ‘Q_WS_WIN’ was not declared in this scope
   return ((int*)(&Q_WS_WIN))[argc];
                   ^~~~~~~~
/home/yoga/my_work/catkin_yoga/build/CMakeFiles/CMakeTmp/CheckSymbolExists.cxx:8:19: note: suggested alternative: ‘Q_WS_X11’
   return ((int*)(&Q_WS_WIN))[argc];
                   ^~~~~~~~
                   Q_WS_X11
CMakeFiles/cmTC_27d74.dir/build.make:65: recipe for target 'CMakeFiles/cmTC_27d74.dir/CheckSymbolExists.cxx.o' failed
make[1]: *** [CMakeFiles/cmTC_27d74.dir/CheckSymbolExists.cxx.o] Error 1
make[1]: 离开目录“/home/yoga/my_work/catkin_yoga/build/CMakeFiles/CMakeTmp”
Makefile:126: recipe for target 'cmTC_27d74/fast' failed
make: *** [cmTC_27d74/fast] Error 2

File /home/yoga/my_work/catkin_yoga/build/CMakeFiles/CMakeTmp/CheckSymbolExists.cxx:
/* */
#include <QtCore/qglobal.h>

int main(int argc, char** argv)
{
  (void)argv;
#ifndef Q_WS_WIN
  return ((int*)(&Q_WS_WIN))[argc];
#else
  (void)argc;
  return 0;
#endif
}

Determining if the Q_WS_QWS exist failed with the following output:
Change Dir: /home/yoga/my_work/catkin_yoga/build/CMakeFiles/CMakeTmp

Run Build Command:"/usr/bin/make" "cmTC_273e8/fast"
/usr/bin/make -f CMakeFiles/cmTC_273e8.dir/build.make CMakeFiles/cmTC_273e8.dir/build
make[1]: 进入目录“/home/yoga/my_work/catkin_yoga/build/CMakeFiles/CMakeTmp”
Building CXX object CMakeFiles/cmTC_273e8.dir/CheckSymbolExists.cxx.o
/usr/bin/c++   -I/usr/include/qt4   -o CMakeFiles/cmTC_273e8.dir/CheckSymbolExists.cxx.o -c /home/yoga/my_work/catkin_yoga/build/CMakeFiles/CMakeTmp/CheckSymbolExists.cxx
/home/yoga/my_work/catkin_yoga/build/CMakeFiles/CMakeTmp/CheckSymbolExists.cxx: In function ‘int main(int, char**)’:
/home/yoga/my_work/catkin_yoga/build/CMakeFiles/CMakeTmp/CheckSymbolExists.cxx:8:19: error: ‘Q_WS_QWS’ was not declared in this scope
   return ((int*)(&Q_WS_QWS))[argc];
                   ^~~~~~~~
/home/yoga/my_work/catkin_yoga/build/CMakeFiles/CMakeTmp/CheckSymbolExists.cxx:8:19: note: suggested alternative: ‘Q_WS_X11’
   return ((int*)(&Q_WS_QWS))[argc];
                   ^~~~~~~~
                   Q_WS_X11
CMakeFiles/cmTC_273e8.dir/build.make:65: recipe for target 'CMakeFiles/cmTC_273e8.dir/CheckSymbolExists.cxx.o' failed
make[1]: *** [CMakeFiles/cmTC_273e8.dir/CheckSymbolExists.cxx.o] Error 1
make[1]: 离开目录“/home/yoga/my_work/catkin_yoga/build/CMakeFiles/CMakeTmp”
Makefile:126: recipe for target 'cmTC_273e8/fast' failed
make: *** [cmTC_273e8/fast] Error 2

File /home/yoga/my_work/catkin_yoga/build/CMakeFiles/CMakeTmp/CheckSymbolExists.cxx:
/* */
#include <QtCore/qglobal.h>

int main(int argc, char** argv)
{
  (void)argv;
#ifndef Q_WS_QWS
  return ((int*)(&Q_WS_QWS))[argc];
#else
  (void)argc;
  return 0;
#endif
}

Determining if the Q_WS_MAC exist failed with the following output:
Change Dir: /home/yoga/my_work/catkin_yoga/build/CMakeFiles/CMakeTmp

Run Build Command:"/usr/bin/make" "cmTC_f29ad/fast"
/usr/bin/make -f CMakeFiles/cmTC_f29ad.dir/build.make CMakeFiles/cmTC_f29ad.dir/build
make[1]: 进入目录“/home/yoga/my_work/catkin_yoga/build/CMakeFiles/CMakeTmp”
Building CXX object CMakeFiles/cmTC_f29ad.dir/CheckSymbolExists.cxx.o
/usr/bin/c++   -I/usr/include/qt4   -o CMakeFiles/cmTC_f29ad.dir/CheckSymbolExists.cxx.o -c /home/yoga/my_work/catkin_yoga/build/CMakeFiles/CMakeTmp/CheckSymbolExists.cxx
/home/yoga/my_work/catkin_yoga/build/CMakeFiles/CMakeTmp/CheckSymbolExists.cxx: In function ‘int main(int, char**)’:
/home/yoga/my_work/catkin_yoga/build/CMakeFiles/CMakeTmp/CheckSymbolExists.cxx:8:19: error: ‘Q_WS_MAC’ was not declared in this scope
   return ((int*)(&Q_WS_MAC))[argc];
                   ^~~~~~~~
/home/yoga/my_work/catkin_yoga/build/CMakeFiles/CMakeTmp/CheckSymbolExists.cxx:8:19: note: suggested alternative: ‘Q_WS_X11’
   return ((int*)(&Q_WS_MAC))[argc];
                   ^~~~~~~~
                   Q_WS_X11
CMakeFiles/cmTC_f29ad.dir/build.make:65: recipe for target 'CMakeFiles/cmTC_f29ad.dir/CheckSymbolExists.cxx.o' failed
make[1]: *** [CMakeFiles/cmTC_f29ad.dir/CheckSymbolExists.cxx.o] Error 1
make[1]: 离开目录“/home/yoga/my_work/catkin_yoga/build/CMakeFiles/CMakeTmp”
Makefile:126: recipe for target 'cmTC_f29ad/fast' failed
make: *** [cmTC_f29ad/fast] Error 2

File /home/yoga/my_work/catkin_yoga/build/CMakeFiles/CMakeTmp/CheckSymbolExists.cxx:
/* */
#include <QtCore/qglobal.h>

int main(int argc, char** argv)
{
  (void)argv;
#ifndef Q_WS_MAC
  return ((int*)(&Q_WS_MAC))[argc];
#else
  (void)argc;
  return 0;
#endif
}

